
synthesis -f "passthru_implementation_lattice.synproj"
synthesis:  version Diamond (64-bit) 3.10.3.144

Copyright (c) 1991-1994 by NeoCAD Inc. All rights reserved.
Copyright (c) 1995 AT&T Corp.   All rights reserved.
Copyright (c) 1995-2001 Lucent Technologies Inc.  All rights reserved.
Copyright (c) 2001 Agere Systems   All rights reserved.
Copyright (c) 2002-2017 Lattice Semiconductor Corporation,  All rights reserved.
Sat Mar 02 10:20:35 2019


Command Line:  synthesis -f passthru_implementation_lattice.synproj -gui 

    <postMsg mid="35002000" type="Info"    dynamic="0" navigation="0"  />
Synthesis options:
The -a option is ECP5U.
The -s option is 6.
The -t option is CABGA381.
The -d option is LFE5U-12F.
Using package CABGA381.
Using performance grade 6.
                                                          

##########################################################

### Lattice Family : ECP5U

### Device  : LFE5U-12F

### Package : CABGA381

### Speed   : 6

##########################################################

                                                          

    <postMsg mid="35001781" type="Info"    dynamic="0" navigation="0"  />
Optimization goal = Timing
The -top option is not used.
Target frequency = 200.000000 MHz.
Maximum fanout = 1000.
Timing path count = 3
BRAM utilization = 100.000000 %
DSP usage = true
DSP utilization = 100.000000 %
fsm_encoding_style = auto
resolve_mixed_drivers = 0
fix_gated_clocks = 1

Mux style = Auto
Use Carry Chain = true
carry_chain_length = 0
Loop Limit = 1950.
Use IO Insertion = TRUE
Use IO Reg = AUTO

Resource Sharing = TRUE
Propagate Constants = TRUE
Remove Duplicate Registers = TRUE
force_gsr = auto
ROM style = auto
RAM style = auto
The -comp option is FALSE.
The -syn option is FALSE.
-p C:/workspace/ulx3s/examples/passthru/DiamondVerilog (searchpath added)
-p C:/lscc/diamond/3.10_x64/ispfpga/sa5p00/data (searchpath added)
-p C:/workspace/ulx3s/examples/passthru/DiamondVerilog/implementation (searchpath added)
-p C:/workspace/ulx3s/examples/passthru/DiamondVerilog (searchpath added)
Verilog design file = C:/workspace/ulx3s/examples/passthru/DiamondVerilog/passthru.v
NGD file = passthru_implementation.ngd
-sdc option: SDC file input not used.
-lpf option: Output file option is ON.
Hardtimer checking is enabled (default). The -dt option is not used.
The -r option is OFF. [ Remove LOC Properties is OFF. ]
    <postMsg mid="35901137" type="Error"   dynamic="2" navigation="2" arg0="c:/workspace/ulx3s/examples/passthru/diamondverilog/passthru.v(71): " arg1="S_prog_out" arg2="c:/workspace/ulx3s/examples/passthru/diamondverilog/passthru.v" arg3="71"  />
